2023-04-15 23:27:26,832 INFO optuna.study.study: Trial 93 finished with value: 0.9815413525417966 and parameters: {'learning_rate': 0.22565667166411124, 'gamma': 3, 'max_delta_step': 4, 'lambda': 27, 'colsample_bylevel': 0.9219297568613661, 'colsample_bynode': 0.9269182367372318, 'colsample_bytree': 0.29031208776067735, 'subsample': 0.6478238739954513, 'max_depth': 10, 'num_boost_round': 500, 'num_feat': 60, 'step': 0.2}. Best is trial 30 with value: 0.9825644692320565.
2023-04-15 23:27:29,137 INFO optuna.study.study: Trial 91 finished with value: 0.9826192229743098 and parameters: {'learning_rate': 0.1822845450006354, 'gamma': 3, 'max_delta_step': 4, 'lambda': 28, 'colsample_bylevel': 0.9237626734109842, 'colsample_bynode': 0.9590915008587592, 'colsample_bytree': 0.3016907853479188, 'subsample': 0.8856773025149293, 'max_depth': 10, 'num_boost_round': 500, 'num_feat': 60, 'step': 0.2}. Best is trial 91 with value: 0.9826192229743098.
2023-04-15 23:27:39,463 INFO optuna.study.study: Trial 92 finished with value: 0.9644740671428913 and parameters: {'learning_rate': 0.18512827053042621, 'gamma': 3, 'max_delta_step': 4, 'lambda': 574, 'colsample_bylevel': 0.9410433906693425, 'colsample_bynode': 0.9170187718364018, 'colsample_bytree': 0.41179354835467635, 'subsample': 0.889955983120595, 'max_depth': 12, 'num_boost_round': 800, 'num_feat': 60, 'step': 0.2}. Best is trial 91 with value: 0.9826192229743098.
2023-04-15 23:28:17,466 INFO optuna.study.study: Trial 94 finished with value: 0.9799390148162178 and parameters: {'learning_rate': 0.22889253382861063, 'gamma': 10, 'max_delta_step': 1, 'lambda': 33, 'colsample_bylevel': 0.9259771679986065, 'colsample_bynode': 0.9621855810832772, 'colsample_bytree': 0.40610242957117776, 'subsample': 0.6611491447719611, 'max_depth': 11, 'num_boost_round': 1500, 'num_feat': 60, 'step': 0.1}. Best is trial 91 with value: 0.9826192229743098.
2023-04-15 23:28:38,838 INFO optuna.study.study: Trial 95 finished with value: 0.9832161416057652 and parameters: {'learning_rate': 0.22349223791882736, 'gamma': 3, 'max_delta_step': 1, 'lambda': 25, 'colsample_bylevel': 0.921645063797166, 'colsample_bynode': 0.9610978659904691, 'colsample_bytree': 0.33889598945736665, 'subsample': 0.6161079290690729, 'max_depth': 11, 'num_boost_round': 1500, 'num_feat': 60, 'step': 0.1}. Best is trial 95 with value: 0.9832161416057652.
2023-04-15 23:28:47,020 INFO optuna.study.study: Trial 96 finished with value: 0.977541282532477 and parameters: {'learning_rate': 0.18494412741936989, 'gamma': 9, 'max_delta_step': 2, 'lambda': 94, 'colsample_bylevel': 0.9265544007704051, 'colsample_bynode': 0.9620633400259612, 'colsample_bytree': 0.40310766494666017, 'subsample': 0.6174821998429724, 'max_depth': 3, 'num_boost_round': 1500, 'num_feat': 60, 'step': 0.1}. Best is trial 95 with value: 0.9832161416057652.
2023-04-15 23:28:49,715 INFO optuna.study.study: Trial 97 finished with value: 0.9775646889596722 and parameters: {'learning_rate': 0.18766751720283592, 'gamma': 10, 'max_delta_step': 1, 'lambda': 91, 'colsample_bylevel': 0.9426094000288349, 'colsample_bynode': 0.9657994511762276, 'colsample_bytree': 0.334960406307649, 'subsample': 0.6447215344980647, 'max_depth': 11, 'num_boost_round': 1500, 'num_feat': 100, 'step': 0.1}. Best is trial 95 with value: 0.9832161416057652.
2023-04-15 23:28:50,993 INFO optuna.study.study: Trial 98 finished with value: 0.9769444609229264 and parameters: {'learning_rate': 0.18723537107462962, 'gamma': 10, 'max_delta_step': 10, 'lambda': 12, 'colsample_bylevel': 0.9385677277359259, 'colsample_bynode': 0.9535400790460496, 'colsample_bytree': 0.3797380093623114, 'subsample': 0.5284085182719808, 'max_depth': 11, 'num_boost_round': 1400, 'num_feat': 100, 'step': 0.1}. Best is trial 95 with value: 0.9832161416057652.
2023-04-15 23:28:51,951 INFO optuna.study.study: Trial 99 finished with value: 0.9789750459326492 and parameters: {'learning_rate': 0.18797893835789167, 'gamma': 10, 'max_delta_step': 1, 'lambda': 10, 'colsample_bylevel': 0.8786793539492551, 'colsample_bynode': 0.9542439767603321, 'colsample_bytree': 0.37942148151894106, 'subsample': 0.6784383144405552, 'max_depth': 11, 'num_boost_round': 500, 'num_feat': 60, 'step': 0.1}. Best is trial 95 with value: 0.9832161416057652.
2023-04-15 23:28:51,989 INFO __main__: Number of finished trials: 100
2023-04-15 23:28:51,990 INFO __main__: Number of pruned trials: 0
2023-04-15 23:28:51,990 INFO __main__: Number of complete trials: 100
2023-04-15 23:28:51,999 INFO __main__: Best trial RMSE: 0.9832161416057652
2023-04-15 23:28:52,257 INFO __main__: Best hyperparameters: {'colsample_bylevel': 0.921645063797166, 'colsample_bynode': 0.9610978659904691, 'colsample_bytree': 0.33889598945736665, 'gamma': 3, 'lambda': 25, 'learning_rate': 0.22349223791882736, 'max_delta_step': 1, 'max_depth': 11, 'num_boost_round': 1500, 'num_feat': 60, 'step': 0.1, 'subsample': 0.6161079290690729}
